[32m2022-07-31 03:25:23 +0530[0m - dagster - [34mDEBUG[0m - dbt_job - d767ee3a-8550-4aaf-b404-e97027094bfd - 43501 - dbt_run - LOGS_CAPTURED - Started capturing logs for step: dbt_run.
[32m2022-07-31 03:25:23 +0530[0m - dagster - [34mDEBUG[0m - dbt_job - d767ee3a-8550-4aaf-b404-e97027094bfd - 43501 - dbt_run - STEP_START - Started execution of step "dbt_run".
[32m2022-07-31 03:25:23 +0530[0m - dagster - [34mINFO[0m - resource:dbt - d767ee3a-8550-4aaf-b404-e97027094bfd - dbt_run - Executing command: dbt --no-use-color --log-format json run --project-dir /home/kshitij/Workplace/pipeline_project/dbt_data_pipe/ --profiles-dir /home/kshitij/.dbt/
[32m2022-07-31 03:25:25 +0530[0m - dagster - [34mINFO[0m - resource:dbt - d767ee3a-8550-4aaf-b404-e97027094bfd - dbt_run - Running with dbt=1.1.1
[32m2022-07-31 03:25:25 +0530[0m - dagster - [34mINFO[0m - resource:dbt - d767ee3a-8550-4aaf-b404-e97027094bfd - dbt_run - Found 5 models, 9 tests, 0 snapshots, 0 analyses, 167 macros, 0 operations, 0 seed files, 2 sources, 0 exposures, 0 metrics
[32m2022-07-31 03:25:25 +0530[0m - dagster - [34mINFO[0m - resource:dbt - d767ee3a-8550-4aaf-b404-e97027094bfd - dbt_run - Concurrency: 1 threads (target='dev')
[32m2022-07-31 03:25:25 +0530[0m - dagster - [34mINFO[0m - resource:dbt - d767ee3a-8550-4aaf-b404-e97027094bfd - dbt_run - 1 of 5 START view model public.stg_covidvaxprovider__PersonnelVaxData .......... [RUN]
[32m2022-07-31 03:25:25 +0530[0m - dagster - [34mINFO[0m - resource:dbt - d767ee3a-8550-4aaf-b404-e97027094bfd - dbt_run - 1 of 5 OK created view model public.stg_covidvaxprovider__PersonnelVaxData ..... [CREATE VIEW in 0.07s]
[32m2022-07-31 03:25:25 +0530[0m - dagster - [34mINFO[0m - resource:dbt - d767ee3a-8550-4aaf-b404-e97027094bfd - dbt_run - 2 of 5 START view model public.stg_providerinfo__HospitalQuality ............... [RUN]
[32m2022-07-31 03:25:25 +0530[0m - dagster - [34mINFO[0m - resource:dbt - d767ee3a-8550-4aaf-b404-e97027094bfd - dbt_run - 2 of 5 OK created view model public.stg_providerinfo__HospitalQuality .......... [CREATE VIEW in 0.04s]
[32m2022-07-31 03:25:25 +0530[0m - dagster - [34mINFO[0m - resource:dbt - d767ee3a-8550-4aaf-b404-e97027094bfd - dbt_run - 3 of 5 START table model public.dim_personnel_data_cleansed .................... [RUN]
[32m2022-07-31 03:25:25 +0530[0m - dagster - [34mINFO[0m - resource:dbt - d767ee3a-8550-4aaf-b404-e97027094bfd - dbt_run - 3 of 5 OK created table model public.dim_personnel_data_cleansed ............... [SELECT 15190 in 0.07s]
[32m2022-07-31 03:25:26 +0530[0m - dagster - [34mINFO[0m - resource:dbt - d767ee3a-8550-4aaf-b404-e97027094bfd - dbt_run - 4 of 5 START table model public.dim_hospital_quality_cleansed .................. [RUN]
[32m2022-07-31 03:25:26 +0530[0m - dagster - [34mINFO[0m - resource:dbt - d767ee3a-8550-4aaf-b404-e97027094bfd - dbt_run - 4 of 5 OK created table model public.dim_hospital_quality_cleansed ............. [SELECT 15190 in 0.07s]
[32m2022-07-31 03:25:26 +0530[0m - dagster - [34mINFO[0m - resource:dbt - d767ee3a-8550-4aaf-b404-e97027094bfd - dbt_run - 5 of 5 START table model public.analytics_quality_versus_personnel ............. [RUN]
[32m2022-07-31 03:25:26 +0530[0m - dagster - [34mINFO[0m - resource:dbt - d767ee3a-8550-4aaf-b404-e97027094bfd - dbt_run - 5 of 5 OK created table model public.analytics_quality_versus_personnel ........ [SELECT 15190 in 0.11s]
[32m2022-07-31 03:25:26 +0530[0m - dagster - [34mINFO[0m - resource:dbt - d767ee3a-8550-4aaf-b404-e97027094bfd - dbt_run - Finished running 2 view models, 3 table models in 0.49s.
[32m2022-07-31 03:25:26 +0530[0m - dagster - [34mINFO[0m - resource:dbt - d767ee3a-8550-4aaf-b404-e97027094bfd - dbt_run - Completed successfully
[32m2022-07-31 03:25:26 +0530[0m - dagster - [34mINFO[0m - resource:dbt - d767ee3a-8550-4aaf-b404-e97027094bfd - dbt_run - Done. PASS=5 WARN=0 ERROR=0 SKIP=0 TOTAL=5
[32m2022-07-31 03:25:27 +0530[0m - dagster - [34mINFO[0m - resource:dbt - d767ee3a-8550-4aaf-b404-e97027094bfd - dbt_run - dbt exited with return code 0
[32m2022-07-31 03:25:27 +0530[0m - dagster - [34mDEBUG[0m - dbt_job - d767ee3a-8550-4aaf-b404-e97027094bfd - 43501 - dbt_run - STEP_OUTPUT - Yielded output "result" of type "Any". (Type check passed).
[32m2022-07-31 03:25:27 +0530[0m - dagster - [34mDEBUG[0m - dbt_job - d767ee3a-8550-4aaf-b404-e97027094bfd - 43501 - dbt_run - HANDLED_OUTPUT - Handled output "result" using IO manager "io_manager"
[32m2022-07-31 03:25:27 +0530[0m - dagster - [34mDEBUG[0m - dbt_job - d767ee3a-8550-4aaf-b404-e97027094bfd - 43501 - dbt_run - STEP_SUCCESS - Finished execution of step "dbt_run" in 3.95s.
